{"E:\\advanced\\npmModuleStudy\\String\\slice\\src\\index.js": {"path":"E:\\advanced\\npmModuleStudy\\String\\slice\\src\\index.js","statementMap":{"0":{"start":{"line":6,"column":18},"end":{"line":8,"column":1}},"1":{"start":{"line":7,"column":4},"end":{"line":7,"column":39}},"2":{"start":{"line":7,"column":20},"end":{"line":7,"column":39}},"3":{"start":{"line":17,"column":14},"end":{"line":30,"column":1}},"4":{"start":{"line":18,"column":14},"end":{"line":18,"column":16}},"5":{"start":{"line":20,"column":4},"end":{"line":28,"column":5}},"6":{"start":{"line":21,"column":8},"end":{"line":23,"column":9}},"7":{"start":{"line":22,"column":12},"end":{"line":22,"column":24}},"8":{"start":{"line":25,"column":8},"end":{"line":27,"column":9}},"9":{"start":{"line":26,"column":12},"end":{"line":26,"column":25}},"10":{"start":{"line":29,"column":4},"end":{"line":29,"column":13}},"11":{"start":{"line":39,"column":20},"end":{"line":39,"column":61}},"12":{"start":{"line":39,"column":25},"end":{"line":39,"column":61}},"13":{"start":{"line":47,"column":25},"end":{"line":66,"column":1}},"14":{"start":{"line":48,"column":29},"end":{"line":48,"column":69}},"15":{"start":{"line":48,"column":54},"end":{"line":48,"column":68}},"16":{"start":{"line":50,"column":4},"end":{"line":51,"column":34}},"17":{"start":{"line":53,"column":4},"end":{"line":55,"column":30}},"18":{"start":{"line":57,"column":4},"end":{"line":57,"column":34}},"19":{"start":{"line":59,"column":4},"end":{"line":59,"column":51}},"20":{"start":{"line":61,"column":4},"end":{"line":65,"column":6}},"21":{"start":{"line":68,"column":0},"end":{"line":88,"column":1}},"22":{"start":{"line":70,"column":4},"end":{"line":73,"column":6}},"23":{"start":{"line":75,"column":4},"end":{"line":87,"column":7}},"24":{"start":{"line":77,"column":22},"end":{"line":77,"column":30}},"25":{"start":{"line":78,"column":22},"end":{"line":78,"column":34}},"26":{"start":{"line":79,"column":12},"end":{"line":82,"column":13}},"27":{"start":{"line":80,"column":26},"end":{"line":80,"column":64}},"28":{"start":{"line":81,"column":16},"end":{"line":81,"column":57}},"29":{"start":{"line":85,"column":12},"end":{"line":85,"column":39}}},"fnMap":{"0":{"name":"(anonymous_0)","decl":{"start":{"line":6,"column":18},"end":{"line":6,"column":19}},"loc":{"start":{"line":6,"column":36},"end":{"line":8,"column":1}},"line":6},"1":{"name":"(anonymous_1)","decl":{"start":{"line":17,"column":14},"end":{"line":17,"column":15}},"loc":{"start":{"line":17,"column":39},"end":{"line":30,"column":1}},"line":17},"2":{"name":"(anonymous_2)","decl":{"start":{"line":39,"column":20},"end":{"line":39,"column":21}},"loc":{"start":{"line":39,"column":25},"end":{"line":39,"column":61}},"line":39},"3":{"name":"(anonymous_3)","decl":{"start":{"line":47,"column":25},"end":{"line":47,"column":26}},"loc":{"start":{"line":47,"column":38},"end":{"line":66,"column":1}},"line":47},"4":{"name":"(anonymous_4)","decl":{"start":{"line":48,"column":49},"end":{"line":48,"column":50}},"loc":{"start":{"line":48,"column":54},"end":{"line":48,"column":68}},"line":48},"5":{"name":"(anonymous_5)","decl":{"start":{"line":68,"column":17},"end":{"line":68,"column":18}},"loc":{"start":{"line":68,"column":22},"end":{"line":88,"column":1}},"line":68},"6":{"name":"(anonymous_6)","decl":{"start":{"line":76,"column":13},"end":{"line":76,"column":14}},"loc":{"start":{"line":76,"column":26},"end":{"line":86,"column":9}},"line":76}},"branchMap":{"0":{"loc":{"start":{"line":7,"column":4},"end":{"line":7,"column":39}},"type":"if","locations":[{"start":{"line":7,"column":4},"end":{"line":7,"column":39}},{"start":{"line":7,"column":4},"end":{"line":7,"column":39}}],"line":7},"1":{"loc":{"start":{"line":20,"column":4},"end":{"line":28,"column":5}},"type":"if","locations":[{"start":{"line":20,"column":4},"end":{"line":28,"column":5}},{"start":{"line":20,"column":4},"end":{"line":28,"column":5}}],"line":20},"2":{"loc":{"start":{"line":39,"column":25},"end":{"line":39,"column":61}},"type":"cond-expr","locations":[{"start":{"line":39,"column":46},"end":{"line":39,"column":49}},{"start":{"line":39,"column":52},"end":{"line":39,"column":61}}],"line":39},"3":{"loc":{"start":{"line":50,"column":12},"end":{"line":51,"column":33}},"type":"cond-expr","locations":[{"start":{"line":50,"column":27},"end":{"line":50,"column":28}},{"start":{"line":51,"column":8},"end":{"line":51,"column":33}}],"line":50},"4":{"loc":{"start":{"line":51,"column":8},"end":{"line":51,"column":33}},"type":"cond-expr","locations":[{"start":{"line":51,"column":20},"end":{"line":51,"column":29}},{"start":{"line":51,"column":32},"end":{"line":51,"column":33}}],"line":51},"5":{"loc":{"start":{"line":53,"column":10},"end":{"line":55,"column":29}},"type":"cond-expr","locations":[{"start":{"line":53,"column":23},"end":{"line":53,"column":24}},{"start":{"line":54,"column":8},"end":{"line":55,"column":29}}],"line":53},"6":{"loc":{"start":{"line":54,"column":8},"end":{"line":55,"column":29}},"type":"cond-expr","locations":[{"start":{"line":54,"column":18},"end":{"line":54,"column":25}},{"start":{"line":55,"column":12},"end":{"line":55,"column":29}}],"line":54},"7":{"loc":{"start":{"line":55,"column":12},"end":{"line":55,"column":29}},"type":"cond-expr","locations":[{"start":{"line":55,"column":22},"end":{"line":55,"column":23}},{"start":{"line":55,"column":26},"end":{"line":55,"column":29}}],"line":55},"8":{"loc":{"start":{"line":57,"column":11},"end":{"line":57,"column":33}},"type":"cond-expr","locations":[{"start":{"line":57,"column":25},"end":{"line":57,"column":26}},{"start":{"line":57,"column":29},"end":{"line":57,"column":33}}],"line":57},"9":{"loc":{"start":{"line":71,"column":8},"end":{"line":71,"column":49}},"type":"binary-expr","locations":[{"start":{"line":71,"column":8},"end":{"line":71,"column":29}},{"start":{"line":71,"column":33},"end":{"line":71,"column":49}}],"line":71},"10":{"loc":{"start":{"line":79,"column":12},"end":{"line":82,"column":13}},"type":"if","locations":[{"start":{"line":79,"column":12},"end":{"line":82,"column":13}},{"start":{"line":79,"column":12},"end":{"line":82,"column":13}}],"line":79},"11":{"loc":{"start":{"line":81,"column":23},"end":{"line":81,"column":56}},"type":"cond-expr","locations":[{"start":{"line":81,"column":42},"end":{"line":81,"column":43}},{"start":{"line":81,"column":46},"end":{"line":81,"column":56}}],"line":81},"12":{"loc":{"start":{"line":85,"column":21},"end":{"line":85,"column":38}},"type":"cond-expr","locations":[{"start":{"line":85,"column":29},"end":{"line":85,"column":34}},{"start":{"line":85,"column":37},"end":{"line":85,"column":38}}],"line":85}},"s":{"0":1,"1":3,"2":0,"3":1,"4":0,"5":0,"6":0,"7":0,"8":0,"9":0,"10":0,"11":1,"12":0,"13":1,"14":0,"15":0,"16":0,"17":0,"18":0,"19":0,"20":0,"21":1,"22":3,"23":3,"24":0,"25":0,"26":0,"27":0,"28":0,"29":0},"f":{"0":3,"1":0,"2":0,"3":0,"4":0,"5":3,"6":0},"b":{"0":[0,3],"1":[0,0],"2":[0,0],"3":[0,0],"4":[0,0],"5":[0,0],"6":[0,0],"7":[0,0],"8":[0,0],"9":[3,1],"10":[0,0],"11":[0,0],"12":[0,0]},"_coverageSchema":"332fd63041d2c1bcb487cc26dd0d5f7d97098a6c","hash":"5160d61f47542493a50643f3d6413aadb433c5e2"}
}
