TN:
SF:E:\advanced\npmModuleStudy\String\slice\src\index.js
FN:6,(anonymous_0)
FN:17,(anonymous_1)
FN:39,(anonymous_2)
FN:47,(anonymous_3)
FN:48,(anonymous_4)
FN:68,(anonymous_5)
FN:76,(anonymous_6)
FNF:7
FNH:2
FNDA:3,(anonymous_0)
FNDA:0,(anonymous_1)
FNDA:0,(anonymous_2)
FNDA:0,(anonymous_3)
FNDA:0,(anonymous_4)
FNDA:3,(anonymous_5)
FNDA:0,(anonymous_6)
DA:6,1
DA:7,3
DA:17,1
DA:18,0
DA:20,0
DA:21,0
DA:22,0
DA:25,0
DA:26,0
DA:29,0
DA:39,1
DA:47,1
DA:48,0
DA:50,0
DA:53,0
DA:57,0
DA:59,0
DA:61,0
DA:68,1
DA:70,3
DA:75,3
DA:77,0
DA:78,0
DA:79,0
DA:80,0
DA:81,0
DA:85,0
LF:27
LH:8
BRDA:7,0,0,0
BRDA:7,0,1,3
BRDA:20,1,0,0
BRDA:20,1,1,0
BRDA:39,2,0,0
BRDA:39,2,1,0
BRDA:50,3,0,0
BRDA:50,3,1,0
BRDA:51,4,0,0
BRDA:51,4,1,0
BRDA:53,5,0,0
BRDA:53,5,1,0
BRDA:54,6,0,0
BRDA:54,6,1,0
BRDA:55,7,0,0
BRDA:55,7,1,0
BRDA:57,8,0,0
BRDA:57,8,1,0
BRDA:71,9,0,3
BRDA:71,9,1,1
BRDA:79,10,0,0
BRDA:79,10,1,0
BRDA:81,11,0,0
BRDA:81,11,1,0
BRDA:85,12,0,0
BRDA:85,12,1,0
BRF:26
BRH:3
end_of_record
